ARM GAS  C:\Users\James\AppData\Local\Temp\ccgeiMLF.s 			page 1


   1              		.syntax unified
   2              		.cpu cortex-m3
   3              		.fpu softvfp
   4              		.eabi_attribute 20, 1
   5              		.eabi_attribute 21, 1
   6              		.eabi_attribute 23, 3
   7              		.eabi_attribute 24, 1
   8              		.eabi_attribute 25, 1
   9              		.eabi_attribute 26, 1
  10              		.eabi_attribute 30, 6
  11              		.eabi_attribute 34, 1
  12              		.eabi_attribute 18, 4
  13              		.thumb
  14              		.syntax unified
  15              		.file	"main.c"
  16              		.text
  17              	.Ltext0:
  18              		.cfi_sections	.debug_frame
  19              		.global	sdFile
  20              		.data
  21              		.align	2
  22              		.type	sdFile, %object
  23              		.size	sdFile, 9
  24              	sdFile:
  25 0000 46696C65 		.ascii	"File.csv\000"
  25      2E637376 
  25      00
  26              		.global	sdFile2
  27 0009 000000   		.align	2
  28              		.type	sdFile2, %object
  29              		.size	sdFile2, 14
  30              	sdFile2:
  31 000c 4469725C 		.ascii	"Dir\\File2.csv\000"
  31      46696C65 
  31      322E6373 
  31      7600
  32              		.global	sdFile3
  33 001a 0000     		.align	2
  34              		.type	sdFile3, %object
  35              		.size	sdFile3, 10
  36              	sdFile3:
  37 001c 46696C65 		.ascii	"File3.csv\000"
  37      332E6373 
  37      7600
  38              		.comm	Int1,1,1
  39              		.section	.rodata
  40              		.align	2
  41              	.LC0:
  42 0000 44697200 		.ascii	"Dir\000"
  43              		.align	2
  44              	.LC1:
  45 0004 7700     		.ascii	"w\000"
  46 0006 0000     		.align	2
  47              	.LC2:
  48 0008 7200     		.ascii	"r\000"
  49              		.section	.text.main,"ax",%progbits
  50              		.align	2
ARM GAS  C:\Users\James\AppData\Local\Temp\ccgeiMLF.s 			page 2


  51              		.global	main
  52              		.thumb
  53              		.thumb_func
  54              		.type	main, %function
  55              	main:
  56              	.LFB63:
  57              		.file 1 "main.c"
   1:main.c        **** /*******************************************************************************
   2:main.c        **** * File Name: main.c
   3:main.c        **** *
   4:main.c        **** * Version: 1.10
   5:main.c        **** *
   6:main.c        **** * Description:
   7:main.c        **** *  The example project consists of 5 simple steps. Each of the steps performs 
   8:main.c        **** *  single File System operation. 
   9:main.c        **** *  Step#1: Gets SD card name and displays it on the LCD.
  10:main.c        **** *  Step#2: Performs Format SD operation and displays the status of the format 
  11:main.c        **** *  operation execution.
  12:main.c        **** *  Step#3: Creates directory with the name - "Dir" and displays a status of 
  13:main.c        **** *  directory creation operation.
  14:main.c        **** *  Step#4: Creates a file - "File.txt" in the root directory and writes the 
  15:main.c        **** *  following string to the file -"123456789". Displays a status of operations 
  16:main.c        **** *  execution.
  17:main.c        **** *  Step#5: Copies newly created file ("File.txt") to directory "Dir" with the 
  18:main.c        **** *  name - "File1.txt". 
  19:main.c        **** *
  20:main.c        **** ********************************************************************************
  21:main.c        **** * Copyright 2011-2012, Cypress Semiconductor Corporation. All rights reserved.
  22:main.c        **** * This software is owned by Cypress Semiconductor Corporation and is protected
  23:main.c        **** * by and subject to worldwide patent and copyright laws and treaties.
  24:main.c        **** * Therefore, you may use this software only as provided in the license agreement
  25:main.c        **** * accompanying the software package from which you obtained this software.
  26:main.c        **** * CYPRESS AND ITS SUPPLIERS MAKE NO WARRANTY OF ANY KIND, EXPRESS OR IMPLIED,
  27:main.c        **** * WITH REGARD TO THIS SOFTWARE, INCLUDING, BUT NOT LIMITED TO, NONINFRINGEMENT,
  28:main.c        **** * IMPLIED WARRANTIES OF MERCHANTABILITY AND FITNESS FOR A PARTICULAR PURPOSE.
  29:main.c        **** *******************************************************************************/
  30:main.c        **** 
  31:main.c        **** #include <project.h>
  32:main.c        **** #include <FS.h>
  33:main.c        **** #include <string.h>
  34:main.c        **** #include <Global.h>
  35:main.c        **** #include <stdlib.h>
  36:main.c        **** 
  37:main.c        **** char sdFile[9] = "File.csv";
  38:main.c        **** char sdFile2[14] = "Dir\\File2.csv";
  39:main.c        **** char sdFile3[10] = "File3.csv";
  40:main.c        **** char Int1;
  41:main.c        **** 
  42:main.c        **** int main()
  43:main.c        **** {
  58              		.loc 1 43 0
  59              		.cfi_startproc
  60              		@ args = 0, pretend = 0, frame = 240
  61              		@ frame_needed = 1, uses_anonymous_args = 0
  62 0000 80B5     		push	{r7, lr}
  63              		.cfi_def_cfa_offset 8
  64              		.cfi_offset 7, -8
ARM GAS  C:\Users\James\AppData\Local\Temp\ccgeiMLF.s 			page 3


  65              		.cfi_offset 14, -4
  66 0002 BCB0     		sub	sp, sp, #240
  67              		.cfi_def_cfa_offset 248
  68 0004 00AF     		add	r7, sp, #0
  69              		.cfi_def_cfa_register 7
  44:main.c        ****     char sdVolName[10];     /* Buffer that will hold SD card Volume name */
  45:main.c        ****     int SDNum[3][2];
  46:main.c        ****     uint16 SDNumNew[10][10];
  47:main.c        ****     
  48:main.c        ****     FS_FILE * pFile;
  49:main.c        ****     
  50:main.c        ****     /* Initialize file system */
  51:main.c        ****     FS_Init();
  70              		.loc 1 51 0
  71 0006 FFF7FEFF 		bl	FS_Init
  52:main.c        ****     
  53:main.c        ****     /* Get volume name of SD card #0 */
  54:main.c        ****     if(0 != FS_GetVolumeName(0u, &sdVolName[0], 9u))
  72              		.loc 1 54 0
  73 000a 07F1E003 		add	r3, r7, #224
  74 000e 0922     		movs	r2, #9
  75 0010 1946     		mov	r1, r3
  76 0012 0020     		movs	r0, #0
  77 0014 FFF7FEFF 		bl	FS_GetVolumeName
  55:main.c        ****     {
  56:main.c        ****         /* Getting volume name succeeded so prompt it on the LCD */
  57:main.c        ****     }
  58:main.c        ****     else
  59:main.c        ****     {
  60:main.c        ****         /* Operation Failed - indicate this */
  61:main.c        **** 
  62:main.c        ****     }
  63:main.c        ****     
  64:main.c        ****     /* Need some delay to indicate output on the LCD */
  65:main.c        ****     CyDelay(10u);
  78              		.loc 1 65 0
  79 0018 0A20     		movs	r0, #10
  80 001a FFF7FEFF 		bl	CyDelay
  66:main.c        ****     
  67:main.c        ****     if(0 == FS_FormatSD(sdVolName))
  81              		.loc 1 67 0
  82 001e 07F1E003 		add	r3, r7, #224
  83 0022 1846     		mov	r0, r3
  84 0024 FFF7FEFF 		bl	FS_FormatSD
  68:main.c        ****     {
  69:main.c        ****        
  70:main.c        ****     }
  71:main.c        ****     else
  72:main.c        ****     {
  73:main.c        **** 
  74:main.c        ****     }
  75:main.c        ****     
  76:main.c        ****     /* Need some delay to indicate output on the LCD */
  77:main.c        ****     CyDelay(10u);
  85              		.loc 1 77 0
  86 0028 0A20     		movs	r0, #10
  87 002a FFF7FEFF 		bl	CyDelay
ARM GAS  C:\Users\James\AppData\Local\Temp\ccgeiMLF.s 			page 4


  78:main.c        **** 
  79:main.c        ****     /* This will create directory "Dir" on SD card */
  80:main.c        ****     if(0 == FS_MkDir("Dir"))
  88              		.loc 1 80 0
  89 002e 3648     		ldr	r0, .L6
  90 0030 FFF7FEFF 		bl	FS_MkDir
  81:main.c        ****     {
  82:main.c        ****         /* Display successful directory creation message */
  83:main.c        **** 
  84:main.c        ****     }
  85:main.c        ****     else
  86:main.c        ****     {
  87:main.c        ****         /* Display failure message */
  88:main.c        **** 
  89:main.c        ****     }
  90:main.c        ****     
  91:main.c        ****     CyDelay(10u);
  91              		.loc 1 91 0
  92 0034 0A20     		movs	r0, #10
  93 0036 FFF7FEFF 		bl	CyDelay
  92:main.c        ****    
  93:main.c        ****     /* Create first file for modification */
  94:main.c        ****     pFile = FS_FOpen(sdFile, "w");
  94              		.loc 1 94 0
  95 003a 3449     		ldr	r1, .L6+4
  96 003c 3448     		ldr	r0, .L6+8
  97 003e FFF7FEFF 		bl	FS_FOpen
  98 0042 C7F8EC00 		str	r0, [r7, #236]
  95:main.c        ****     
  96:main.c        ****     /* Check if file was created */
  97:main.c        ****     if(pFile)
  99              		.loc 1 97 0
 100 0046 D7F8EC30 		ldr	r3, [r7, #236]
 101 004a 002B     		cmp	r3, #0
 102 004c 09D0     		beq	.L2
  98:main.c        ****     {
  99:main.c        ****         /* Indicate successful file creation message */
 100:main.c        **** 
 101:main.c        ****         CyDelay(10u);
 103              		.loc 1 101 0
 104 004e 0A20     		movs	r0, #10
 105 0050 FFF7FEFF 		bl	CyDelay
 102:main.c        **** 
 103:main.c        **** 
 104:main.c        ****         
 105:main.c        ****         CyDelay(10u);
 106              		.loc 1 105 0
 107 0054 0A20     		movs	r0, #10
 108 0056 FFF7FEFF 		bl	CyDelay
 106:main.c        ****         
 107:main.c        ****         if(0 == FS_FClose(pFile))
 109              		.loc 1 107 0
 110 005a D7F8EC00 		ldr	r0, [r7, #236]
 111 005e FFF7FEFF 		bl	FS_FClose
 112              	.L2:
 108:main.c        ****         {
 109:main.c        ****             
ARM GAS  C:\Users\James\AppData\Local\Temp\ccgeiMLF.s 			page 5


 110:main.c        ****         }
 111:main.c        ****         else
 112:main.c        ****         {
 113:main.c        ****          
 114:main.c        ****         }
 115:main.c        ****     }
 116:main.c        ****     else
 117:main.c        ****     {
 118:main.c        ****       
 119:main.c        ****     }
 120:main.c        ****     
 121:main.c        ****     CyDelay(10u);
 113              		.loc 1 121 0
 114 0062 0A20     		movs	r0, #10
 115 0064 FFF7FEFF 		bl	CyDelay
 122:main.c        ****     
 123:main.c        ****     /* Opens first file for reading*/
 124:main.c        ****     pFile = FS_FOpen(sdFile, "r");
 116              		.loc 1 124 0
 117 0068 2A49     		ldr	r1, .L6+12
 118 006a 2948     		ldr	r0, .L6+8
 119 006c FFF7FEFF 		bl	FS_FOpen
 120 0070 C7F8EC00 		str	r0, [r7, #236]
 125:main.c        **** 
 126:main.c        ****     if(0 != FS_Read(pFile, SDNum, 31u)) 
 121              		.loc 1 126 0
 122 0074 07F1C803 		add	r3, r7, #200
 123 0078 1F22     		movs	r2, #31
 124 007a 1946     		mov	r1, r3
 125 007c D7F8EC00 		ldr	r0, [r7, #236]
 126 0080 FFF7FEFF 		bl	FS_Read
 127:main.c        ****     {
 128:main.c        ****         /* Inditate that data was written to a file */
 129:main.c        ****  
 130:main.c        ****     }
 131:main.c        ****     else
 132:main.c        ****     {
 133:main.c        **** 
 134:main.c        ****     }    
 135:main.c        ****     
 136:main.c        ****     
 137:main.c        ****     /* Closes file */
 138:main.c        ****     if(0 == FS_FClose(pFile))
 127              		.loc 1 138 0
 128 0084 D7F8EC00 		ldr	r0, [r7, #236]
 129 0088 FFF7FEFF 		bl	FS_FClose
 139:main.c        ****     {
 140:main.c        ****         
 141:main.c        ****     }
 142:main.c        ****     else
 143:main.c        ****     {
 144:main.c        ****     
 145:main.c        ****     }
 146:main.c        **** 
 147:main.c        ****     if(0 == FS_FOpen(sdFile2, "w"))
 130              		.loc 1 147 0
 131 008c 1F49     		ldr	r1, .L6+4
ARM GAS  C:\Users\James\AppData\Local\Temp\ccgeiMLF.s 			page 6


 132 008e 2248     		ldr	r0, .L6+16
 133 0090 FFF7FEFF 		bl	FS_FOpen
 148:main.c        ****     {
 149:main.c        ****         
 150:main.c        ****     }
 151:main.c        ****     else
 152:main.c        ****     {
 153:main.c        ****       
 154:main.c        ****     }
 155:main.c        ****     
 156:main.c        ****     if(pFile)
 134              		.loc 1 156 0
 135 0094 D7F8EC30 		ldr	r3, [r7, #236]
 136 0098 002B     		cmp	r3, #0
 137 009a 11D0     		beq	.L3
 157:main.c        ****     {
 158:main.c        ****         /* Indicate successful file creation message */
 159:main.c        **** 
 160:main.c        ****         CyDelay(10u);
 138              		.loc 1 160 0
 139 009c 0A20     		movs	r0, #10
 140 009e FFF7FEFF 		bl	CyDelay
 161:main.c        ****         
 162:main.c        ****         if(0 != FS_Write(pFile, SDNum, 31u)) 
 141              		.loc 1 162 0
 142 00a2 07F1C803 		add	r3, r7, #200
 143 00a6 1F22     		movs	r2, #31
 144 00a8 1946     		mov	r1, r3
 145 00aa D7F8EC00 		ldr	r0, [r7, #236]
 146 00ae FFF7FEFF 		bl	FS_Write
 163:main.c        ****         {
 164:main.c        ****             /* Inditate that data was written to a file */
 165:main.c        ****  
 166:main.c        ****         }
 167:main.c        ****         else
 168:main.c        ****         {
 169:main.c        **** 
 170:main.c        ****         }
 171:main.c        ****         
 172:main.c        ****         /* Need some delay to indicate output on the LCD */
 173:main.c        ****         CyDelay(10u);
 147              		.loc 1 173 0
 148 00b2 0A20     		movs	r0, #10
 149 00b4 FFF7FEFF 		bl	CyDelay
 174:main.c        ****         
 175:main.c        ****         if(0 == FS_FClose(pFile))
 150              		.loc 1 175 0
 151 00b8 D7F8EC00 		ldr	r0, [r7, #236]
 152 00bc FFF7FEFF 		bl	FS_FClose
 153              	.L3:
 176:main.c        ****         {
 177:main.c        ****             
 178:main.c        ****         }
 179:main.c        ****         else
 180:main.c        ****         {
 181:main.c        ****          
 182:main.c        ****         }
ARM GAS  C:\Users\James\AppData\Local\Temp\ccgeiMLF.s 			page 7


 183:main.c        ****     }
 184:main.c        ****     else
 185:main.c        ****     {
 186:main.c        **** 
 187:main.c        ****     }
 188:main.c        **** 
 189:main.c        ****     
 190:main.c        ****     /* Create first file for modification */
 191:main.c        ****     pFile = FS_FOpen(sdFile3, "w");
 154              		.loc 1 191 0
 155 00c0 1249     		ldr	r1, .L6+4
 156 00c2 1648     		ldr	r0, .L6+20
 157 00c4 FFF7FEFF 		bl	FS_FOpen
 158 00c8 C7F8EC00 		str	r0, [r7, #236]
 192:main.c        ****     
 193:main.c        ****     /* Check if file was created */
 194:main.c        ****     if(pFile)
 159              		.loc 1 194 0
 160 00cc D7F8EC30 		ldr	r3, [r7, #236]
 161 00d0 002B     		cmp	r3, #0
 162 00d2 11D0     		beq	.L4
 195:main.c        ****     {
 196:main.c        ****         /* Indicate successful file creation message */
 197:main.c        **** 
 198:main.c        ****         CyDelay(10u);
 163              		.loc 1 198 0
 164 00d4 0A20     		movs	r0, #10
 165 00d6 FFF7FEFF 		bl	CyDelay
 199:main.c        ****         
 200:main.c        ****         if(0 != FS_Write(pFile, SDNum, 31u)) 
 166              		.loc 1 200 0
 167 00da 07F1C803 		add	r3, r7, #200
 168 00de 1F22     		movs	r2, #31
 169 00e0 1946     		mov	r1, r3
 170 00e2 D7F8EC00 		ldr	r0, [r7, #236]
 171 00e6 FFF7FEFF 		bl	FS_Write
 201:main.c        ****         {
 202:main.c        ****             /* Inditate that data was written to a file */
 203:main.c        ****  
 204:main.c        ****         }
 205:main.c        ****         else
 206:main.c        ****         {
 207:main.c        **** 
 208:main.c        ****         }
 209:main.c        ****         
 210:main.c        ****         CyDelay(10u);
 172              		.loc 1 210 0
 173 00ea 0A20     		movs	r0, #10
 174 00ec FFF7FEFF 		bl	CyDelay
 211:main.c        ****         
 212:main.c        ****         if(0 == FS_FClose(pFile))
 175              		.loc 1 212 0
 176 00f0 D7F8EC00 		ldr	r0, [r7, #236]
 177 00f4 FFF7FEFF 		bl	FS_FClose
 178              	.L4:
 213:main.c        ****         {
 214:main.c        ****             
ARM GAS  C:\Users\James\AppData\Local\Temp\ccgeiMLF.s 			page 8


 215:main.c        ****         }
 216:main.c        ****         else
 217:main.c        ****         {
 218:main.c        ****          
 219:main.c        ****         }
 220:main.c        ****     }
 221:main.c        ****     else
 222:main.c        ****     {
 223:main.c        ****       
 224:main.c        ****     }
 225:main.c        ****     
 226:main.c        ****     CyDelay(10u);
 179              		.loc 1 226 0
 180 00f8 0A20     		movs	r0, #10
 181 00fa FFF7FEFF 		bl	CyDelay
 182 00fe 0023     		movs	r3, #0
 227:main.c        **** }
 183              		.loc 1 227 0
 184 0100 1846     		mov	r0, r3
 185 0102 F037     		adds	r7, r7, #240
 186              		.cfi_def_cfa_offset 8
 187 0104 BD46     		mov	sp, r7
 188              		.cfi_def_cfa_register 13
 189              		@ sp needed
 190 0106 80BD     		pop	{r7, pc}
 191              	.L7:
 192              		.align	2
 193              	.L6:
 194 0108 00000000 		.word	.LC0
 195 010c 04000000 		.word	.LC1
 196 0110 00000000 		.word	sdFile
 197 0114 08000000 		.word	.LC2
 198 0118 00000000 		.word	sdFile2
 199 011c 00000000 		.word	sdFile3
 200              		.cfi_endproc
 201              	.LFE63:
 202              		.size	main, .-main
 203              		.text
 204              	.Letext0:
 205              		.file 2 "c:\\program files (x86)\\cypress\\psoc creator\\4.2\\psoc creator\\import\\gnu\\arm\\5.4.
 206              		.file 3 "c:\\program files (x86)\\cypress\\psoc creator\\4.2\\psoc creator\\import\\gnu\\arm\\5.4.
 207              		.file 4 "Generated_Source\\PSoC5/cytypes.h"
 208              		.file 5 "..\\..\\Libraries\\emFile_V322c\\Code\\Include\\PSoC5/FS_Types.h"
 209              		.file 6 "Generated_Source\\PSoC5/core_cm3.h"
 210              		.section	.debug_info,"",%progbits
 211              	.Ldebug_info0:
 212 0000 C7010000 		.4byte	0x1c7
 213 0004 0400     		.2byte	0x4
 214 0006 00000000 		.4byte	.Ldebug_abbrev0
 215 000a 04       		.byte	0x4
 216 000b 01       		.uleb128 0x1
 217 000c 06000000 		.4byte	.LASF27
 218 0010 0C       		.byte	0xc
 219 0011 BB010000 		.4byte	.LASF28
 220 0015 BF000000 		.4byte	.LASF29
 221 0019 00000000 		.4byte	.Ldebug_ranges0+0
 222 001d 00000000 		.4byte	0
ARM GAS  C:\Users\James\AppData\Local\Temp\ccgeiMLF.s 			page 9


 223 0021 00000000 		.4byte	.Ldebug_line0
 224 0025 02       		.uleb128 0x2
 225 0026 01       		.byte	0x1
 226 0027 06       		.byte	0x6
 227 0028 FF010000 		.4byte	.LASF0
 228 002c 02       		.uleb128 0x2
 229 002d 01       		.byte	0x1
 230 002e 08       		.byte	0x8
 231 002f B1000000 		.4byte	.LASF1
 232 0033 02       		.uleb128 0x2
 233 0034 02       		.byte	0x2
 234 0035 05       		.byte	0x5
 235 0036 CF010000 		.4byte	.LASF2
 236 003a 02       		.uleb128 0x2
 237 003b 02       		.byte	0x2
 238 003c 07       		.byte	0x7
 239 003d 2E010000 		.4byte	.LASF3
 240 0041 03       		.uleb128 0x3
 241 0042 94000000 		.4byte	.LASF9
 242 0046 02       		.byte	0x2
 243 0047 3F       		.byte	0x3f
 244 0048 4C000000 		.4byte	0x4c
 245 004c 02       		.uleb128 0x2
 246 004d 04       		.byte	0x4
 247 004e 05       		.byte	0x5
 248 004f E3010000 		.4byte	.LASF4
 249 0053 02       		.uleb128 0x2
 250 0054 04       		.byte	0x4
 251 0055 07       		.byte	0x7
 252 0056 1C010000 		.4byte	.LASF5
 253 005a 02       		.uleb128 0x2
 254 005b 08       		.byte	0x8
 255 005c 05       		.byte	0x5
 256 005d AD010000 		.4byte	.LASF6
 257 0061 02       		.uleb128 0x2
 258 0062 08       		.byte	0x8
 259 0063 07       		.byte	0x7
 260 0064 80010000 		.4byte	.LASF7
 261 0068 04       		.uleb128 0x4
 262 0069 04       		.byte	0x4
 263 006a 05       		.byte	0x5
 264 006b 696E7400 		.ascii	"int\000"
 265 006f 02       		.uleb128 0x2
 266 0070 04       		.byte	0x4
 267 0071 07       		.byte	0x7
 268 0072 73010000 		.4byte	.LASF8
 269 0076 03       		.uleb128 0x3
 270 0077 C7010000 		.4byte	.LASF10
 271 007b 03       		.byte	0x3
 272 007c 2C       		.byte	0x2c
 273 007d 41000000 		.4byte	0x41
 274 0081 05       		.uleb128 0x5
 275 0082 63010000 		.4byte	.LASF11
 276 0086 04       		.byte	0x4
 277 0087 E501     		.2byte	0x1e5
 278 0089 3A000000 		.4byte	0x3a
 279 008d 02       		.uleb128 0x2
ARM GAS  C:\Users\James\AppData\Local\Temp\ccgeiMLF.s 			page 10


 280 008e 04       		.byte	0x4
 281 008f 04       		.byte	0x4
 282 0090 AB000000 		.4byte	.LASF12
 283 0094 02       		.uleb128 0x2
 284 0095 08       		.byte	0x8
 285 0096 04       		.byte	0x4
 286 0097 9E000000 		.4byte	.LASF13
 287 009b 02       		.uleb128 0x2
 288 009c 01       		.byte	0x1
 289 009d 08       		.byte	0x8
 290 009e C2010000 		.4byte	.LASF14
 291 00a2 02       		.uleb128 0x2
 292 00a3 08       		.byte	0x8
 293 00a4 04       		.byte	0x4
 294 00a5 F3010000 		.4byte	.LASF15
 295 00a9 02       		.uleb128 0x2
 296 00aa 04       		.byte	0x4
 297 00ab 07       		.byte	0x7
 298 00ac A4010000 		.4byte	.LASF16
 299 00b0 03       		.uleb128 0x3
 300 00b1 9C010000 		.4byte	.LASF17
 301 00b5 05       		.byte	0x5
 302 00b6 7E       		.byte	0x7e
 303 00b7 BB000000 		.4byte	0xbb
 304 00bb 06       		.uleb128 0x6
 305 00bc 9C010000 		.4byte	.LASF17
 306 00c0 07       		.uleb128 0x7
 307 00c1 04       		.byte	0x4
 308 00c2 B0000000 		.4byte	0xb0
 309 00c6 08       		.uleb128 0x8
 310 00c7 5E010000 		.4byte	.LASF30
 311 00cb 01       		.byte	0x1
 312 00cc 2A       		.byte	0x2a
 313 00cd 68000000 		.4byte	0x68
 314 00d1 00000000 		.4byte	.LFB63
 315 00d5 20010000 		.4byte	.LFE63-.LFB63
 316 00d9 01       		.uleb128 0x1
 317 00da 9C       		.byte	0x9c
 318 00db 19010000 		.4byte	0x119
 319 00df 09       		.uleb128 0x9
 320 00e0 D9010000 		.4byte	.LASF18
 321 00e4 01       		.byte	0x1
 322 00e5 2C       		.byte	0x2c
 323 00e6 19010000 		.4byte	0x119
 324 00ea 02       		.uleb128 0x2
 325 00eb 91       		.byte	0x91
 326 00ec 68       		.sleb128 -24
 327 00ed 09       		.uleb128 0x9
 328 00ee 00000000 		.4byte	.LASF19
 329 00f2 01       		.byte	0x1
 330 00f3 2D       		.byte	0x2d
 331 00f4 29010000 		.4byte	0x129
 332 00f8 02       		.uleb128 0x2
 333 00f9 91       		.byte	0x91
 334 00fa 50       		.sleb128 -48
 335 00fb 09       		.uleb128 0x9
 336 00fc 6A010000 		.4byte	.LASF20
ARM GAS  C:\Users\James\AppData\Local\Temp\ccgeiMLF.s 			page 11


 337 0100 01       		.byte	0x1
 338 0101 2E       		.byte	0x2e
 339 0102 3F010000 		.4byte	0x13f
 340 0106 03       		.uleb128 0x3
 341 0107 91       		.byte	0x91
 342 0108 887E     		.sleb128 -248
 343 010a 09       		.uleb128 0x9
 344 010b A5000000 		.4byte	.LASF21
 345 010f 01       		.byte	0x1
 346 0110 30       		.byte	0x30
 347 0111 C0000000 		.4byte	0xc0
 348 0115 02       		.uleb128 0x2
 349 0116 91       		.byte	0x91
 350 0117 74       		.sleb128 -12
 351 0118 00       		.byte	0
 352 0119 0A       		.uleb128 0xa
 353 011a 9B000000 		.4byte	0x9b
 354 011e 29010000 		.4byte	0x129
 355 0122 0B       		.uleb128 0xb
 356 0123 A9000000 		.4byte	0xa9
 357 0127 09       		.byte	0x9
 358 0128 00       		.byte	0
 359 0129 0A       		.uleb128 0xa
 360 012a 68000000 		.4byte	0x68
 361 012e 3F010000 		.4byte	0x13f
 362 0132 0B       		.uleb128 0xb
 363 0133 A9000000 		.4byte	0xa9
 364 0137 02       		.byte	0x2
 365 0138 0B       		.uleb128 0xb
 366 0139 A9000000 		.4byte	0xa9
 367 013d 01       		.byte	0x1
 368 013e 00       		.byte	0
 369 013f 0A       		.uleb128 0xa
 370 0140 81000000 		.4byte	0x81
 371 0144 55010000 		.4byte	0x155
 372 0148 0B       		.uleb128 0xb
 373 0149 A9000000 		.4byte	0xa9
 374 014d 09       		.byte	0x9
 375 014e 0B       		.uleb128 0xb
 376 014f A9000000 		.4byte	0xa9
 377 0153 09       		.byte	0x9
 378 0154 00       		.byte	0
 379 0155 0C       		.uleb128 0xc
 380 0156 41010000 		.4byte	.LASF22
 381 015a 06       		.byte	0x6
 382 015b 1207     		.2byte	0x712
 383 015d 61010000 		.4byte	0x161
 384 0161 0D       		.uleb128 0xd
 385 0162 76000000 		.4byte	0x76
 386 0166 0A       		.uleb128 0xa
 387 0167 9B000000 		.4byte	0x9b
 388 016b 76010000 		.4byte	0x176
 389 016f 0B       		.uleb128 0xb
 390 0170 A9000000 		.4byte	0xa9
 391 0174 08       		.byte	0x8
 392 0175 00       		.byte	0
 393 0176 0E       		.uleb128 0xe
ARM GAS  C:\Users\James\AppData\Local\Temp\ccgeiMLF.s 			page 12


 394 0177 EC010000 		.4byte	.LASF23
 395 017b 01       		.byte	0x1
 396 017c 25       		.byte	0x25
 397 017d 66010000 		.4byte	0x166
 398 0181 05       		.uleb128 0x5
 399 0182 03       		.byte	0x3
 400 0183 00000000 		.4byte	sdFile
 401 0187 0A       		.uleb128 0xa
 402 0188 9B000000 		.4byte	0x9b
 403 018c 97010000 		.4byte	0x197
 404 0190 0B       		.uleb128 0xb
 405 0191 A9000000 		.4byte	0xa9
 406 0195 0D       		.byte	0xd
 407 0196 00       		.byte	0
 408 0197 0E       		.uleb128 0xe
 409 0198 4E010000 		.4byte	.LASF24
 410 019c 01       		.byte	0x1
 411 019d 26       		.byte	0x26
 412 019e 87010000 		.4byte	0x187
 413 01a2 05       		.uleb128 0x5
 414 01a3 03       		.byte	0x3
 415 01a4 00000000 		.4byte	sdFile2
 416 01a8 0E       		.uleb128 0xe
 417 01a9 56010000 		.4byte	.LASF25
 418 01ad 01       		.byte	0x1
 419 01ae 27       		.byte	0x27
 420 01af 19010000 		.4byte	0x119
 421 01b3 05       		.uleb128 0x5
 422 01b4 03       		.byte	0x3
 423 01b5 00000000 		.4byte	sdFile3
 424 01b9 0E       		.uleb128 0xe
 425 01ba 97010000 		.4byte	.LASF26
 426 01be 01       		.byte	0x1
 427 01bf 28       		.byte	0x28
 428 01c0 9B000000 		.4byte	0x9b
 429 01c4 05       		.uleb128 0x5
 430 01c5 03       		.byte	0x3
 431 01c6 00000000 		.4byte	Int1
 432 01ca 00       		.byte	0
 433              		.section	.debug_abbrev,"",%progbits
 434              	.Ldebug_abbrev0:
 435 0000 01       		.uleb128 0x1
 436 0001 11       		.uleb128 0x11
 437 0002 01       		.byte	0x1
 438 0003 25       		.uleb128 0x25
 439 0004 0E       		.uleb128 0xe
 440 0005 13       		.uleb128 0x13
 441 0006 0B       		.uleb128 0xb
 442 0007 03       		.uleb128 0x3
 443 0008 0E       		.uleb128 0xe
 444 0009 1B       		.uleb128 0x1b
 445 000a 0E       		.uleb128 0xe
 446 000b 55       		.uleb128 0x55
 447 000c 17       		.uleb128 0x17
 448 000d 11       		.uleb128 0x11
 449 000e 01       		.uleb128 0x1
 450 000f 10       		.uleb128 0x10
ARM GAS  C:\Users\James\AppData\Local\Temp\ccgeiMLF.s 			page 13


 451 0010 17       		.uleb128 0x17
 452 0011 00       		.byte	0
 453 0012 00       		.byte	0
 454 0013 02       		.uleb128 0x2
 455 0014 24       		.uleb128 0x24
 456 0015 00       		.byte	0
 457 0016 0B       		.uleb128 0xb
 458 0017 0B       		.uleb128 0xb
 459 0018 3E       		.uleb128 0x3e
 460 0019 0B       		.uleb128 0xb
 461 001a 03       		.uleb128 0x3
 462 001b 0E       		.uleb128 0xe
 463 001c 00       		.byte	0
 464 001d 00       		.byte	0
 465 001e 03       		.uleb128 0x3
 466 001f 16       		.uleb128 0x16
 467 0020 00       		.byte	0
 468 0021 03       		.uleb128 0x3
 469 0022 0E       		.uleb128 0xe
 470 0023 3A       		.uleb128 0x3a
 471 0024 0B       		.uleb128 0xb
 472 0025 3B       		.uleb128 0x3b
 473 0026 0B       		.uleb128 0xb
 474 0027 49       		.uleb128 0x49
 475 0028 13       		.uleb128 0x13
 476 0029 00       		.byte	0
 477 002a 00       		.byte	0
 478 002b 04       		.uleb128 0x4
 479 002c 24       		.uleb128 0x24
 480 002d 00       		.byte	0
 481 002e 0B       		.uleb128 0xb
 482 002f 0B       		.uleb128 0xb
 483 0030 3E       		.uleb128 0x3e
 484 0031 0B       		.uleb128 0xb
 485 0032 03       		.uleb128 0x3
 486 0033 08       		.uleb128 0x8
 487 0034 00       		.byte	0
 488 0035 00       		.byte	0
 489 0036 05       		.uleb128 0x5
 490 0037 16       		.uleb128 0x16
 491 0038 00       		.byte	0
 492 0039 03       		.uleb128 0x3
 493 003a 0E       		.uleb128 0xe
 494 003b 3A       		.uleb128 0x3a
 495 003c 0B       		.uleb128 0xb
 496 003d 3B       		.uleb128 0x3b
 497 003e 05       		.uleb128 0x5
 498 003f 49       		.uleb128 0x49
 499 0040 13       		.uleb128 0x13
 500 0041 00       		.byte	0
 501 0042 00       		.byte	0
 502 0043 06       		.uleb128 0x6
 503 0044 13       		.uleb128 0x13
 504 0045 00       		.byte	0
 505 0046 03       		.uleb128 0x3
 506 0047 0E       		.uleb128 0xe
 507 0048 3C       		.uleb128 0x3c
ARM GAS  C:\Users\James\AppData\Local\Temp\ccgeiMLF.s 			page 14


 508 0049 19       		.uleb128 0x19
 509 004a 00       		.byte	0
 510 004b 00       		.byte	0
 511 004c 07       		.uleb128 0x7
 512 004d 0F       		.uleb128 0xf
 513 004e 00       		.byte	0
 514 004f 0B       		.uleb128 0xb
 515 0050 0B       		.uleb128 0xb
 516 0051 49       		.uleb128 0x49
 517 0052 13       		.uleb128 0x13
 518 0053 00       		.byte	0
 519 0054 00       		.byte	0
 520 0055 08       		.uleb128 0x8
 521 0056 2E       		.uleb128 0x2e
 522 0057 01       		.byte	0x1
 523 0058 3F       		.uleb128 0x3f
 524 0059 19       		.uleb128 0x19
 525 005a 03       		.uleb128 0x3
 526 005b 0E       		.uleb128 0xe
 527 005c 3A       		.uleb128 0x3a
 528 005d 0B       		.uleb128 0xb
 529 005e 3B       		.uleb128 0x3b
 530 005f 0B       		.uleb128 0xb
 531 0060 49       		.uleb128 0x49
 532 0061 13       		.uleb128 0x13
 533 0062 11       		.uleb128 0x11
 534 0063 01       		.uleb128 0x1
 535 0064 12       		.uleb128 0x12
 536 0065 06       		.uleb128 0x6
 537 0066 40       		.uleb128 0x40
 538 0067 18       		.uleb128 0x18
 539 0068 9642     		.uleb128 0x2116
 540 006a 19       		.uleb128 0x19
 541 006b 01       		.uleb128 0x1
 542 006c 13       		.uleb128 0x13
 543 006d 00       		.byte	0
 544 006e 00       		.byte	0
 545 006f 09       		.uleb128 0x9
 546 0070 34       		.uleb128 0x34
 547 0071 00       		.byte	0
 548 0072 03       		.uleb128 0x3
 549 0073 0E       		.uleb128 0xe
 550 0074 3A       		.uleb128 0x3a
 551 0075 0B       		.uleb128 0xb
 552 0076 3B       		.uleb128 0x3b
 553 0077 0B       		.uleb128 0xb
 554 0078 49       		.uleb128 0x49
 555 0079 13       		.uleb128 0x13
 556 007a 02       		.uleb128 0x2
 557 007b 18       		.uleb128 0x18
 558 007c 00       		.byte	0
 559 007d 00       		.byte	0
 560 007e 0A       		.uleb128 0xa
 561 007f 01       		.uleb128 0x1
 562 0080 01       		.byte	0x1
 563 0081 49       		.uleb128 0x49
 564 0082 13       		.uleb128 0x13
ARM GAS  C:\Users\James\AppData\Local\Temp\ccgeiMLF.s 			page 15


 565 0083 01       		.uleb128 0x1
 566 0084 13       		.uleb128 0x13
 567 0085 00       		.byte	0
 568 0086 00       		.byte	0
 569 0087 0B       		.uleb128 0xb
 570 0088 21       		.uleb128 0x21
 571 0089 00       		.byte	0
 572 008a 49       		.uleb128 0x49
 573 008b 13       		.uleb128 0x13
 574 008c 2F       		.uleb128 0x2f
 575 008d 0B       		.uleb128 0xb
 576 008e 00       		.byte	0
 577 008f 00       		.byte	0
 578 0090 0C       		.uleb128 0xc
 579 0091 34       		.uleb128 0x34
 580 0092 00       		.byte	0
 581 0093 03       		.uleb128 0x3
 582 0094 0E       		.uleb128 0xe
 583 0095 3A       		.uleb128 0x3a
 584 0096 0B       		.uleb128 0xb
 585 0097 3B       		.uleb128 0x3b
 586 0098 05       		.uleb128 0x5
 587 0099 49       		.uleb128 0x49
 588 009a 13       		.uleb128 0x13
 589 009b 3F       		.uleb128 0x3f
 590 009c 19       		.uleb128 0x19
 591 009d 3C       		.uleb128 0x3c
 592 009e 19       		.uleb128 0x19
 593 009f 00       		.byte	0
 594 00a0 00       		.byte	0
 595 00a1 0D       		.uleb128 0xd
 596 00a2 35       		.uleb128 0x35
 597 00a3 00       		.byte	0
 598 00a4 49       		.uleb128 0x49
 599 00a5 13       		.uleb128 0x13
 600 00a6 00       		.byte	0
 601 00a7 00       		.byte	0
 602 00a8 0E       		.uleb128 0xe
 603 00a9 34       		.uleb128 0x34
 604 00aa 00       		.byte	0
 605 00ab 03       		.uleb128 0x3
 606 00ac 0E       		.uleb128 0xe
 607 00ad 3A       		.uleb128 0x3a
 608 00ae 0B       		.uleb128 0xb
 609 00af 3B       		.uleb128 0x3b
 610 00b0 0B       		.uleb128 0xb
 611 00b1 49       		.uleb128 0x49
 612 00b2 13       		.uleb128 0x13
 613 00b3 3F       		.uleb128 0x3f
 614 00b4 19       		.uleb128 0x19
 615 00b5 02       		.uleb128 0x2
 616 00b6 18       		.uleb128 0x18
 617 00b7 00       		.byte	0
 618 00b8 00       		.byte	0
 619 00b9 00       		.byte	0
 620              		.section	.debug_aranges,"",%progbits
 621 0000 1C000000 		.4byte	0x1c
ARM GAS  C:\Users\James\AppData\Local\Temp\ccgeiMLF.s 			page 16


 622 0004 0200     		.2byte	0x2
 623 0006 00000000 		.4byte	.Ldebug_info0
 624 000a 04       		.byte	0x4
 625 000b 00       		.byte	0
 626 000c 0000     		.2byte	0
 627 000e 0000     		.2byte	0
 628 0010 00000000 		.4byte	.LFB63
 629 0014 20010000 		.4byte	.LFE63-.LFB63
 630 0018 00000000 		.4byte	0
 631 001c 00000000 		.4byte	0
 632              		.section	.debug_ranges,"",%progbits
 633              	.Ldebug_ranges0:
 634 0000 00000000 		.4byte	.LFB63
 635 0004 20010000 		.4byte	.LFE63
 636 0008 00000000 		.4byte	0
 637 000c 00000000 		.4byte	0
 638              		.section	.debug_line,"",%progbits
 639              	.Ldebug_line0:
 640 0000 D3010000 		.section	.debug_str,"MS",%progbits,1
 640      02008A01 
 640      00000201 
 640      FB0E0D00 
 640      01010101 
 641              	.LASF19:
 642 0000 53444E75 		.ascii	"SDNum\000"
 642      6D00
 643              	.LASF27:
 644 0006 474E5520 		.ascii	"GNU C11 5.4.1 20160609 (release) [ARM/embedded-5-br"
 644      43313120 
 644      352E342E 
 644      31203230 
 644      31363036 
 645 0039 616E6368 		.ascii	"anch revision 237715] -mcpu=cortex-m3 -mthumb -g -O"
 645      20726576 
 645      6973696F 
 645      6E203233 
 645      37373135 
 646 006c 30202D66 		.ascii	"0 -ffunction-sections -ffat-lto-objects\000"
 646      66756E63 
 646      74696F6E 
 646      2D736563 
 646      74696F6E 
 647              	.LASF9:
 648 0094 5F5F696E 		.ascii	"__int32_t\000"
 648      7433325F 
 648      7400
 649              	.LASF13:
 650 009e 646F7562 		.ascii	"double\000"
 650      6C6500
 651              	.LASF21:
 652 00a5 7046696C 		.ascii	"pFile\000"
 652      6500
 653              	.LASF12:
 654 00ab 666C6F61 		.ascii	"float\000"
 654      7400
 655              	.LASF1:
 656 00b1 756E7369 		.ascii	"unsigned char\000"
ARM GAS  C:\Users\James\AppData\Local\Temp\ccgeiMLF.s 			page 17


 656      676E6564 
 656      20636861 
 656      7200
 657              	.LASF29:
 658 00bf 433A5C55 		.ascii	"C:\\Users\\James\\Documents\\PSoC Creator\\em_File_"
 658      73657273 
 658      5C4A616D 
 658      65735C44 
 658      6F63756D 
 659 00ed 48656C6C 		.ascii	"Hello_World.Bundle01\\em_File_Hello_World.cydsn\000"
 659      6F5F576F 
 659      726C642E 
 659      42756E64 
 659      6C653031 
 660              	.LASF5:
 661 011c 6C6F6E67 		.ascii	"long unsigned int\000"
 661      20756E73 
 661      69676E65 
 661      6420696E 
 661      7400
 662              	.LASF3:
 663 012e 73686F72 		.ascii	"short unsigned int\000"
 663      7420756E 
 663      7369676E 
 663      65642069 
 663      6E7400
 664              	.LASF22:
 665 0141 49544D5F 		.ascii	"ITM_RxBuffer\000"
 665      52784275 
 665      66666572 
 665      00
 666              	.LASF24:
 667 014e 73644669 		.ascii	"sdFile2\000"
 667      6C653200 
 668              	.LASF25:
 669 0156 73644669 		.ascii	"sdFile3\000"
 669      6C653300 
 670              	.LASF30:
 671 015e 6D61696E 		.ascii	"main\000"
 671      00
 672              	.LASF11:
 673 0163 75696E74 		.ascii	"uint16\000"
 673      313600
 674              	.LASF20:
 675 016a 53444E75 		.ascii	"SDNumNew\000"
 675      6D4E6577 
 675      00
 676              	.LASF8:
 677 0173 756E7369 		.ascii	"unsigned int\000"
 677      676E6564 
 677      20696E74 
 677      00
 678              	.LASF7:
 679 0180 6C6F6E67 		.ascii	"long long unsigned int\000"
 679      206C6F6E 
 679      6720756E 
 679      7369676E 
ARM GAS  C:\Users\James\AppData\Local\Temp\ccgeiMLF.s 			page 18


 679      65642069 
 680              	.LASF26:
 681 0197 496E7431 		.ascii	"Int1\000"
 681      00
 682              	.LASF17:
 683 019c 46535F46 		.ascii	"FS_FILE\000"
 683      494C4500 
 684              	.LASF16:
 685 01a4 73697A65 		.ascii	"sizetype\000"
 685      74797065 
 685      00
 686              	.LASF6:
 687 01ad 6C6F6E67 		.ascii	"long long int\000"
 687      206C6F6E 
 687      6720696E 
 687      7400
 688              	.LASF28:
 689 01bb 6D61696E 		.ascii	"main.c\000"
 689      2E6300
 690              	.LASF14:
 691 01c2 63686172 		.ascii	"char\000"
 691      00
 692              	.LASF10:
 693 01c7 696E7433 		.ascii	"int32_t\000"
 693      325F7400 
 694              	.LASF2:
 695 01cf 73686F72 		.ascii	"short int\000"
 695      7420696E 
 695      7400
 696              	.LASF18:
 697 01d9 7364566F 		.ascii	"sdVolName\000"
 697      6C4E616D 
 697      6500
 698              	.LASF4:
 699 01e3 6C6F6E67 		.ascii	"long int\000"
 699      20696E74 
 699      00
 700              	.LASF23:
 701 01ec 73644669 		.ascii	"sdFile\000"
 701      6C6500
 702              	.LASF15:
 703 01f3 6C6F6E67 		.ascii	"long double\000"
 703      20646F75 
 703      626C6500 
 704              	.LASF0:
 705 01ff 7369676E 		.ascii	"signed char\000"
 705      65642063 
 705      68617200 
 706              		.ident	"GCC: (GNU Tools for ARM Embedded Processors) 5.4.1 20160609 (release) [ARM/embedded-5-bran
