ARM GAS  C:\Users\James\AppData\Local\Temp\cc3auRwD.s 			page 1


   1              		.syntax unified
   2              		.cpu cortex-m3
   3              		.fpu softvfp
   4              		.eabi_attribute 20, 1
   5              		.eabi_attribute 21, 1
   6              		.eabi_attribute 23, 3
   7              		.eabi_attribute 24, 1
   8              		.eabi_attribute 25, 1
   9              		.eabi_attribute 26, 1
  10              		.eabi_attribute 30, 1
  11              		.eabi_attribute 34, 1
  12              		.eabi_attribute 18, 4
  13              		.thumb
  14              		.syntax unified
  15              		.file	"main.c"
  16              		.text
  17              	.Ltext0:
  18              		.cfi_sections	.debug_frame
  19              		.section	.text.main,"ax",%progbits
  20              		.align	2
  21              		.global	main
  22              		.thumb
  23              		.thumb_func
  24              		.type	main, %function
  25              	main:
  26              	.LFB63:
  27              		.file 1 "main.c"
   1:main.c        **** /* ========================================
   2:main.c        ****  *
   3:main.c        ****  * Copyright YOUR COMPANY, THE YEAR
   4:main.c        ****  * All Rights Reserved
   5:main.c        ****  * UNPUBLISHED, LICENSED SOFTWARE.
   6:main.c        ****  *
   7:main.c        ****  * CONFIDENTIAL AND PROPRIETARY INFORMATION
   8:main.c        ****  * WHICH IS THE PROPERTY OF your company.
   9:main.c        ****  *
  10:main.c        ****  * ========================================
  11:main.c        **** */
  12:main.c        **** #include "project.h"
  13:main.c        **** uint8 x = 0;
  14:main.c        **** #define I2C_SLAVE_ADDR      (0x08u)
  15:main.c        **** #define I2C_SLAVE_ADDR_W    (I2C_SLAVE_ADDR x)
  16:main.c        **** 
  17:main.c        **** int main(void)
  18:main.c        **** {
  28              		.loc 1 18 0
  29              		.cfi_startproc
  30              		@ Volatile: function does not return.
  31              		@ args = 0, pretend = 0, frame = 0
  32              		@ frame_needed = 0, uses_anonymous_args = 0
  33 0000 08B5     		push	{r3, lr}
  34              		.cfi_def_cfa_offset 8
  35              		.cfi_offset 3, -8
  36              		.cfi_offset 14, -4
  19:main.c        ****     CyGlobalIntEnable; /* Enable global interrupts. */
  37              		.loc 1 19 0
  38              		.syntax unified
ARM GAS  C:\Users\James\AppData\Local\Temp\cc3auRwD.s 			page 2


  39              	@ 19 "main.c" 1
  40 0002 62B6     		CPSIE   i
  41              	@ 0 "" 2
  20:main.c        **** 
  21:main.c        ****     /* Place your initialization/startup code here (e.g. MyInst_Start()) */
  22:main.c        ****     I2C_1_Start();
  42              		.loc 1 22 0
  43              		.thumb
  44              		.syntax unified
  45 0004 FFF7FEFF 		bl	I2C_1_Start
  46              	.LVL0:
  23:main.c        ****     x = 0;
  47              		.loc 1 23 0
  48 0008 0022     		movs	r2, #0
  49 000a 0A4B     		ldr	r3, .L4
  50 000c 1A70     		strb	r2, [r3]
  51              	.L2:
  24:main.c        ****     for(;;)
  25:main.c        ****         {
  26:main.c        ****         I2C_1_MasterSendStart(I2C_SLAVE_ADDR, 0);
  52              		.loc 1 26 0 discriminator 1
  53 000e 0021     		movs	r1, #0
  54 0010 0820     		movs	r0, #8
  55 0012 FFF7FEFF 		bl	I2C_1_MasterSendStart
  56              	.LVL1:
  27:main.c        ****         I2C_1_MasterWriteByte(x);
  57              		.loc 1 27 0 discriminator 1
  58 0016 074C     		ldr	r4, .L4
  59 0018 2078     		ldrb	r0, [r4]	@ zero_extendqisi2
  60 001a FFF7FEFF 		bl	I2C_1_MasterWriteByte
  61              	.LVL2:
  28:main.c        ****         I2C_1_MasterSendStop();
  62              		.loc 1 28 0 discriminator 1
  63 001e FFF7FEFF 		bl	I2C_1_MasterSendStop
  64              	.LVL3:
  29:main.c        ****         CyDelay(500);
  65              		.loc 1 29 0 discriminator 1
  66 0022 4FF4FA70 		mov	r0, #500
  67 0026 FFF7FEFF 		bl	CyDelay
  68              	.LVL4:
  30:main.c        ****         x++;
  69              		.loc 1 30 0 discriminator 1
  70 002a 2378     		ldrb	r3, [r4]	@ zero_extendqisi2
  71 002c 0133     		adds	r3, r3, #1
  72 002e 2370     		strb	r3, [r4]
  73 0030 EDE7     		b	.L2
  74              	.L5:
  75 0032 00BF     		.align	2
  76              	.L4:
  77 0034 00000000 		.word	.LANCHOR0
  78              		.cfi_endproc
  79              	.LFE63:
  80              		.size	main, .-main
  81              		.global	x
  82              		.bss
  83              		.set	.LANCHOR0,. + 0
  84              		.type	x, %object
ARM GAS  C:\Users\James\AppData\Local\Temp\cc3auRwD.s 			page 3


  85              		.size	x, 1
  86              	x:
  87 0000 00       		.space	1
  88              		.text
  89              	.Letext0:
  90              		.file 2 "c:\\program files (x86)\\cypress\\psoc creator\\4.2\\psoc creator\\import\\gnu\\arm\\5.4.
  91              		.file 3 "c:\\program files (x86)\\cypress\\psoc creator\\4.2\\psoc creator\\import\\gnu\\arm\\5.4.
  92              		.file 4 "Generated_Source\\PSoC5/cytypes.h"
  93              		.file 5 "Generated_Source\\PSoC5/I2C_1.h"
  94              		.file 6 "Generated_Source\\PSoC5/CyLib.h"
  95              		.file 7 "Generated_Source\\PSoC5/core_cm3.h"
  96              		.section	.debug_info,"",%progbits
  97              	.Ldebug_info0:
  98 0000 62010000 		.4byte	0x162
  99 0004 0400     		.2byte	0x4
 100 0006 00000000 		.4byte	.Ldebug_abbrev0
 101 000a 04       		.byte	0x4
 102 000b 01       		.uleb128 0x1
 103 000c 46000000 		.4byte	.LASF23
 104 0010 0C       		.byte	0xc
 105 0011 40010000 		.4byte	.LASF24
 106 0015 7B010000 		.4byte	.LASF25
 107 0019 00000000 		.4byte	.Ldebug_ranges0+0
 108 001d 00000000 		.4byte	0
 109 0021 00000000 		.4byte	.Ldebug_line0
 110 0025 02       		.uleb128 0x2
 111 0026 01       		.byte	0x1
 112 0027 06       		.byte	0x6
 113 0028 3A000000 		.4byte	.LASF0
 114 002c 02       		.uleb128 0x2
 115 002d 01       		.byte	0x1
 116 002e 08       		.byte	0x8
 117 002f 2D010000 		.4byte	.LASF1
 118 0033 02       		.uleb128 0x2
 119 0034 02       		.byte	0x2
 120 0035 05       		.byte	0x5
 121 0036 DC010000 		.4byte	.LASF2
 122 003a 02       		.uleb128 0x2
 123 003b 02       		.byte	0x2
 124 003c 07       		.byte	0x7
 125 003d 15000000 		.4byte	.LASF3
 126 0041 03       		.uleb128 0x3
 127 0042 CC010000 		.4byte	.LASF9
 128 0046 02       		.byte	0x2
 129 0047 3F       		.byte	0x3f
 130 0048 4C000000 		.4byte	0x4c
 131 004c 02       		.uleb128 0x2
 132 004d 04       		.byte	0x4
 133 004e 05       		.byte	0x5
 134 004f 47010000 		.4byte	.LASF4
 135 0053 02       		.uleb128 0x2
 136 0054 04       		.byte	0x4
 137 0055 07       		.byte	0x7
 138 0056 F8000000 		.4byte	.LASF5
 139 005a 02       		.uleb128 0x2
 140 005b 08       		.byte	0x8
 141 005c 05       		.byte	0x5
ARM GAS  C:\Users\James\AppData\Local\Temp\cc3auRwD.s 			page 4


 142 005d 57010000 		.4byte	.LASF6
 143 0061 02       		.uleb128 0x2
 144 0062 08       		.byte	0x8
 145 0063 07       		.byte	0x7
 146 0064 0A010000 		.4byte	.LASF7
 147 0068 04       		.uleb128 0x4
 148 0069 04       		.byte	0x4
 149 006a 05       		.byte	0x5
 150 006b 696E7400 		.ascii	"int\000"
 151 006f 02       		.uleb128 0x2
 152 0070 04       		.byte	0x4
 153 0071 07       		.byte	0x7
 154 0072 28000000 		.4byte	.LASF8
 155 0076 03       		.uleb128 0x3
 156 0077 E6010000 		.4byte	.LASF10
 157 007b 03       		.byte	0x3
 158 007c 2C       		.byte	0x2c
 159 007d 41000000 		.4byte	0x41
 160 0081 05       		.uleb128 0x5
 161 0082 F2000000 		.4byte	.LASF11
 162 0086 04       		.byte	0x4
 163 0087 E401     		.2byte	0x1e4
 164 0089 2C000000 		.4byte	0x2c
 165 008d 02       		.uleb128 0x2
 166 008e 04       		.byte	0x4
 167 008f 04       		.byte	0x4
 168 0090 D6010000 		.4byte	.LASF12
 169 0094 02       		.uleb128 0x2
 170 0095 08       		.byte	0x8
 171 0096 04       		.byte	0x4
 172 0097 50010000 		.4byte	.LASF13
 173 009b 02       		.uleb128 0x2
 174 009c 01       		.byte	0x1
 175 009d 08       		.byte	0x8
 176 009e 3B010000 		.4byte	.LASF14
 177 00a2 02       		.uleb128 0x2
 178 00a3 08       		.byte	0x8
 179 00a4 04       		.byte	0x4
 180 00a5 C0010000 		.4byte	.LASF15
 181 00a9 02       		.uleb128 0x2
 182 00aa 04       		.byte	0x4
 183 00ab 07       		.byte	0x7
 184 00ac 65010000 		.4byte	.LASF16
 185 00b0 06       		.uleb128 0x6
 186 00b1 35000000 		.4byte	.LASF26
 187 00b5 01       		.byte	0x1
 188 00b6 11       		.byte	0x11
 189 00b7 68000000 		.4byte	0x68
 190 00bb 00000000 		.4byte	.LFB63
 191 00bf 38000000 		.4byte	.LFE63-.LFB63
 192 00c3 01       		.uleb128 0x1
 193 00c4 9C       		.byte	0x9c
 194 00c5 0E010000 		.4byte	0x10e
 195 00c9 07       		.uleb128 0x7
 196 00ca 08000000 		.4byte	.LVL0
 197 00ce 2E010000 		.4byte	0x12e
 198 00d2 08       		.uleb128 0x8
ARM GAS  C:\Users\James\AppData\Local\Temp\cc3auRwD.s 			page 5


 199 00d3 16000000 		.4byte	.LVL1
 200 00d7 39010000 		.4byte	0x139
 201 00db EA000000 		.4byte	0xea
 202 00df 09       		.uleb128 0x9
 203 00e0 01       		.uleb128 0x1
 204 00e1 50       		.byte	0x50
 205 00e2 01       		.uleb128 0x1
 206 00e3 38       		.byte	0x38
 207 00e4 09       		.uleb128 0x9
 208 00e5 01       		.uleb128 0x1
 209 00e6 51       		.byte	0x51
 210 00e7 01       		.uleb128 0x1
 211 00e8 30       		.byte	0x30
 212 00e9 00       		.byte	0
 213 00ea 07       		.uleb128 0x7
 214 00eb 1E000000 		.4byte	.LVL2
 215 00ef 44010000 		.4byte	0x144
 216 00f3 07       		.uleb128 0x7
 217 00f4 22000000 		.4byte	.LVL3
 218 00f8 4F010000 		.4byte	0x14f
 219 00fc 0A       		.uleb128 0xa
 220 00fd 2A000000 		.4byte	.LVL4
 221 0101 5A010000 		.4byte	0x15a
 222 0105 09       		.uleb128 0x9
 223 0106 01       		.uleb128 0x1
 224 0107 50       		.byte	0x50
 225 0108 03       		.uleb128 0x3
 226 0109 0A       		.byte	0xa
 227 010a F401     		.2byte	0x1f4
 228 010c 00       		.byte	0
 229 010d 00       		.byte	0
 230 010e 0B       		.uleb128 0xb
 231 010f 6E010000 		.4byte	.LASF17
 232 0113 07       		.byte	0x7
 233 0114 1207     		.2byte	0x712
 234 0116 1A010000 		.4byte	0x11a
 235 011a 0C       		.uleb128 0xc
 236 011b 76000000 		.4byte	0x76
 237 011f 0D       		.uleb128 0xd
 238 0120 7800     		.ascii	"x\000"
 239 0122 01       		.byte	0x1
 240 0123 0D       		.byte	0xd
 241 0124 81000000 		.4byte	0x81
 242 0128 05       		.uleb128 0x5
 243 0129 03       		.byte	0x3
 244 012a 00000000 		.4byte	x
 245 012e 0E       		.uleb128 0xe
 246 012f 21010000 		.4byte	.LASF18
 247 0133 21010000 		.4byte	.LASF18
 248 0137 05       		.byte	0x5
 249 0138 93       		.byte	0x93
 250 0139 0E       		.uleb128 0xe
 251 013a EE010000 		.4byte	.LASF19
 252 013e EE010000 		.4byte	.LASF19
 253 0142 05       		.byte	0x5
 254 0143 B1       		.byte	0xb1
 255 0144 0E       		.uleb128 0xe
ARM GAS  C:\Users\James\AppData\Local\Temp\cc3auRwD.s 			page 6


 256 0145 D4000000 		.4byte	.LASF20
 257 0149 D4000000 		.4byte	.LASF20
 258 014d 05       		.byte	0x5
 259 014e B6       		.byte	0xb6
 260 014f 0E       		.uleb128 0xe
 261 0150 00000000 		.4byte	.LASF21
 262 0154 00000000 		.4byte	.LASF21
 263 0158 05       		.byte	0x5
 264 0159 B5       		.byte	0xb5
 265 015a 0E       		.uleb128 0xe
 266 015b EA000000 		.4byte	.LASF22
 267 015f EA000000 		.4byte	.LASF22
 268 0163 06       		.byte	0x6
 269 0164 76       		.byte	0x76
 270 0165 00       		.byte	0
 271              		.section	.debug_abbrev,"",%progbits
 272              	.Ldebug_abbrev0:
 273 0000 01       		.uleb128 0x1
 274 0001 11       		.uleb128 0x11
 275 0002 01       		.byte	0x1
 276 0003 25       		.uleb128 0x25
 277 0004 0E       		.uleb128 0xe
 278 0005 13       		.uleb128 0x13
 279 0006 0B       		.uleb128 0xb
 280 0007 03       		.uleb128 0x3
 281 0008 0E       		.uleb128 0xe
 282 0009 1B       		.uleb128 0x1b
 283 000a 0E       		.uleb128 0xe
 284 000b 55       		.uleb128 0x55
 285 000c 17       		.uleb128 0x17
 286 000d 11       		.uleb128 0x11
 287 000e 01       		.uleb128 0x1
 288 000f 10       		.uleb128 0x10
 289 0010 17       		.uleb128 0x17
 290 0011 00       		.byte	0
 291 0012 00       		.byte	0
 292 0013 02       		.uleb128 0x2
 293 0014 24       		.uleb128 0x24
 294 0015 00       		.byte	0
 295 0016 0B       		.uleb128 0xb
 296 0017 0B       		.uleb128 0xb
 297 0018 3E       		.uleb128 0x3e
 298 0019 0B       		.uleb128 0xb
 299 001a 03       		.uleb128 0x3
 300 001b 0E       		.uleb128 0xe
 301 001c 00       		.byte	0
 302 001d 00       		.byte	0
 303 001e 03       		.uleb128 0x3
 304 001f 16       		.uleb128 0x16
 305 0020 00       		.byte	0
 306 0021 03       		.uleb128 0x3
 307 0022 0E       		.uleb128 0xe
 308 0023 3A       		.uleb128 0x3a
 309 0024 0B       		.uleb128 0xb
 310 0025 3B       		.uleb128 0x3b
 311 0026 0B       		.uleb128 0xb
 312 0027 49       		.uleb128 0x49
ARM GAS  C:\Users\James\AppData\Local\Temp\cc3auRwD.s 			page 7


 313 0028 13       		.uleb128 0x13
 314 0029 00       		.byte	0
 315 002a 00       		.byte	0
 316 002b 04       		.uleb128 0x4
 317 002c 24       		.uleb128 0x24
 318 002d 00       		.byte	0
 319 002e 0B       		.uleb128 0xb
 320 002f 0B       		.uleb128 0xb
 321 0030 3E       		.uleb128 0x3e
 322 0031 0B       		.uleb128 0xb
 323 0032 03       		.uleb128 0x3
 324 0033 08       		.uleb128 0x8
 325 0034 00       		.byte	0
 326 0035 00       		.byte	0
 327 0036 05       		.uleb128 0x5
 328 0037 16       		.uleb128 0x16
 329 0038 00       		.byte	0
 330 0039 03       		.uleb128 0x3
 331 003a 0E       		.uleb128 0xe
 332 003b 3A       		.uleb128 0x3a
 333 003c 0B       		.uleb128 0xb
 334 003d 3B       		.uleb128 0x3b
 335 003e 05       		.uleb128 0x5
 336 003f 49       		.uleb128 0x49
 337 0040 13       		.uleb128 0x13
 338 0041 00       		.byte	0
 339 0042 00       		.byte	0
 340 0043 06       		.uleb128 0x6
 341 0044 2E       		.uleb128 0x2e
 342 0045 01       		.byte	0x1
 343 0046 3F       		.uleb128 0x3f
 344 0047 19       		.uleb128 0x19
 345 0048 03       		.uleb128 0x3
 346 0049 0E       		.uleb128 0xe
 347 004a 3A       		.uleb128 0x3a
 348 004b 0B       		.uleb128 0xb
 349 004c 3B       		.uleb128 0x3b
 350 004d 0B       		.uleb128 0xb
 351 004e 27       		.uleb128 0x27
 352 004f 19       		.uleb128 0x19
 353 0050 49       		.uleb128 0x49
 354 0051 13       		.uleb128 0x13
 355 0052 8701     		.uleb128 0x87
 356 0054 19       		.uleb128 0x19
 357 0055 11       		.uleb128 0x11
 358 0056 01       		.uleb128 0x1
 359 0057 12       		.uleb128 0x12
 360 0058 06       		.uleb128 0x6
 361 0059 40       		.uleb128 0x40
 362 005a 18       		.uleb128 0x18
 363 005b 9742     		.uleb128 0x2117
 364 005d 19       		.uleb128 0x19
 365 005e 01       		.uleb128 0x1
 366 005f 13       		.uleb128 0x13
 367 0060 00       		.byte	0
 368 0061 00       		.byte	0
 369 0062 07       		.uleb128 0x7
ARM GAS  C:\Users\James\AppData\Local\Temp\cc3auRwD.s 			page 8


 370 0063 898201   		.uleb128 0x4109
 371 0066 00       		.byte	0
 372 0067 11       		.uleb128 0x11
 373 0068 01       		.uleb128 0x1
 374 0069 31       		.uleb128 0x31
 375 006a 13       		.uleb128 0x13
 376 006b 00       		.byte	0
 377 006c 00       		.byte	0
 378 006d 08       		.uleb128 0x8
 379 006e 898201   		.uleb128 0x4109
 380 0071 01       		.byte	0x1
 381 0072 11       		.uleb128 0x11
 382 0073 01       		.uleb128 0x1
 383 0074 31       		.uleb128 0x31
 384 0075 13       		.uleb128 0x13
 385 0076 01       		.uleb128 0x1
 386 0077 13       		.uleb128 0x13
 387 0078 00       		.byte	0
 388 0079 00       		.byte	0
 389 007a 09       		.uleb128 0x9
 390 007b 8A8201   		.uleb128 0x410a
 391 007e 00       		.byte	0
 392 007f 02       		.uleb128 0x2
 393 0080 18       		.uleb128 0x18
 394 0081 9142     		.uleb128 0x2111
 395 0083 18       		.uleb128 0x18
 396 0084 00       		.byte	0
 397 0085 00       		.byte	0
 398 0086 0A       		.uleb128 0xa
 399 0087 898201   		.uleb128 0x4109
 400 008a 01       		.byte	0x1
 401 008b 11       		.uleb128 0x11
 402 008c 01       		.uleb128 0x1
 403 008d 31       		.uleb128 0x31
 404 008e 13       		.uleb128 0x13
 405 008f 00       		.byte	0
 406 0090 00       		.byte	0
 407 0091 0B       		.uleb128 0xb
 408 0092 34       		.uleb128 0x34
 409 0093 00       		.byte	0
 410 0094 03       		.uleb128 0x3
 411 0095 0E       		.uleb128 0xe
 412 0096 3A       		.uleb128 0x3a
 413 0097 0B       		.uleb128 0xb
 414 0098 3B       		.uleb128 0x3b
 415 0099 05       		.uleb128 0x5
 416 009a 49       		.uleb128 0x49
 417 009b 13       		.uleb128 0x13
 418 009c 3F       		.uleb128 0x3f
 419 009d 19       		.uleb128 0x19
 420 009e 3C       		.uleb128 0x3c
 421 009f 19       		.uleb128 0x19
 422 00a0 00       		.byte	0
 423 00a1 00       		.byte	0
 424 00a2 0C       		.uleb128 0xc
 425 00a3 35       		.uleb128 0x35
 426 00a4 00       		.byte	0
ARM GAS  C:\Users\James\AppData\Local\Temp\cc3auRwD.s 			page 9


 427 00a5 49       		.uleb128 0x49
 428 00a6 13       		.uleb128 0x13
 429 00a7 00       		.byte	0
 430 00a8 00       		.byte	0
 431 00a9 0D       		.uleb128 0xd
 432 00aa 34       		.uleb128 0x34
 433 00ab 00       		.byte	0
 434 00ac 03       		.uleb128 0x3
 435 00ad 08       		.uleb128 0x8
 436 00ae 3A       		.uleb128 0x3a
 437 00af 0B       		.uleb128 0xb
 438 00b0 3B       		.uleb128 0x3b
 439 00b1 0B       		.uleb128 0xb
 440 00b2 49       		.uleb128 0x49
 441 00b3 13       		.uleb128 0x13
 442 00b4 3F       		.uleb128 0x3f
 443 00b5 19       		.uleb128 0x19
 444 00b6 02       		.uleb128 0x2
 445 00b7 18       		.uleb128 0x18
 446 00b8 00       		.byte	0
 447 00b9 00       		.byte	0
 448 00ba 0E       		.uleb128 0xe
 449 00bb 2E       		.uleb128 0x2e
 450 00bc 00       		.byte	0
 451 00bd 3F       		.uleb128 0x3f
 452 00be 19       		.uleb128 0x19
 453 00bf 3C       		.uleb128 0x3c
 454 00c0 19       		.uleb128 0x19
 455 00c1 6E       		.uleb128 0x6e
 456 00c2 0E       		.uleb128 0xe
 457 00c3 03       		.uleb128 0x3
 458 00c4 0E       		.uleb128 0xe
 459 00c5 3A       		.uleb128 0x3a
 460 00c6 0B       		.uleb128 0xb
 461 00c7 3B       		.uleb128 0x3b
 462 00c8 0B       		.uleb128 0xb
 463 00c9 00       		.byte	0
 464 00ca 00       		.byte	0
 465 00cb 00       		.byte	0
 466              		.section	.debug_aranges,"",%progbits
 467 0000 1C000000 		.4byte	0x1c
 468 0004 0200     		.2byte	0x2
 469 0006 00000000 		.4byte	.Ldebug_info0
 470 000a 04       		.byte	0x4
 471 000b 00       		.byte	0
 472 000c 0000     		.2byte	0
 473 000e 0000     		.2byte	0
 474 0010 00000000 		.4byte	.LFB63
 475 0014 38000000 		.4byte	.LFE63-.LFB63
 476 0018 00000000 		.4byte	0
 477 001c 00000000 		.4byte	0
 478              		.section	.debug_ranges,"",%progbits
 479              	.Ldebug_ranges0:
 480 0000 00000000 		.4byte	.LFB63
 481 0004 38000000 		.4byte	.LFE63
 482 0008 00000000 		.4byte	0
 483 000c 00000000 		.4byte	0
ARM GAS  C:\Users\James\AppData\Local\Temp\cc3auRwD.s 			page 10


 484              		.section	.debug_line,"",%progbits
 485              	.Ldebug_line0:
 486 0000 93010000 		.section	.debug_str,"MS",%progbits,1
 486      02006201 
 486      00000201 
 486      FB0E0D00 
 486      01010101 
 487              	.LASF21:
 488 0000 4932435F 		.ascii	"I2C_1_MasterSendStop\000"
 488      315F4D61 
 488      73746572 
 488      53656E64 
 488      53746F70 
 489              	.LASF3:
 490 0015 73686F72 		.ascii	"short unsigned int\000"
 490      7420756E 
 490      7369676E 
 490      65642069 
 490      6E7400
 491              	.LASF8:
 492 0028 756E7369 		.ascii	"unsigned int\000"
 492      676E6564 
 492      20696E74 
 492      00
 493              	.LASF26:
 494 0035 6D61696E 		.ascii	"main\000"
 494      00
 495              	.LASF0:
 496 003a 7369676E 		.ascii	"signed char\000"
 496      65642063 
 496      68617200 
 497              	.LASF23:
 498 0046 474E5520 		.ascii	"GNU C11 5.4.1 20160609 (release) [ARM/embedded-5-br"
 498      43313120 
 498      352E342E 
 498      31203230 
 498      31363036 
 499 0079 616E6368 		.ascii	"anch revision 237715] -mcpu=cortex-m3 -mthumb -g -O"
 499      20726576 
 499      6973696F 
 499      6E203233 
 499      37373135 
 500 00ac 67202D66 		.ascii	"g -ffunction-sections -ffat-lto-objects\000"
 500      66756E63 
 500      74696F6E 
 500      2D736563 
 500      74696F6E 
 501              	.LASF20:
 502 00d4 4932435F 		.ascii	"I2C_1_MasterWriteByte\000"
 502      315F4D61 
 502      73746572 
 502      57726974 
 502      65427974 
 503              	.LASF22:
 504 00ea 43794465 		.ascii	"CyDelay\000"
 504      6C617900 
 505              	.LASF11:
ARM GAS  C:\Users\James\AppData\Local\Temp\cc3auRwD.s 			page 11


 506 00f2 75696E74 		.ascii	"uint8\000"
 506      3800
 507              	.LASF5:
 508 00f8 6C6F6E67 		.ascii	"long unsigned int\000"
 508      20756E73 
 508      69676E65 
 508      6420696E 
 508      7400
 509              	.LASF7:
 510 010a 6C6F6E67 		.ascii	"long long unsigned int\000"
 510      206C6F6E 
 510      6720756E 
 510      7369676E 
 510      65642069 
 511              	.LASF18:
 512 0121 4932435F 		.ascii	"I2C_1_Start\000"
 512      315F5374 
 512      61727400 
 513              	.LASF1:
 514 012d 756E7369 		.ascii	"unsigned char\000"
 514      676E6564 
 514      20636861 
 514      7200
 515              	.LASF14:
 516 013b 63686172 		.ascii	"char\000"
 516      00
 517              	.LASF24:
 518 0140 6D61696E 		.ascii	"main.c\000"
 518      2E6300
 519              	.LASF4:
 520 0147 6C6F6E67 		.ascii	"long int\000"
 520      20696E74 
 520      00
 521              	.LASF13:
 522 0150 646F7562 		.ascii	"double\000"
 522      6C6500
 523              	.LASF6:
 524 0157 6C6F6E67 		.ascii	"long long int\000"
 524      206C6F6E 
 524      6720696E 
 524      7400
 525              	.LASF16:
 526 0165 73697A65 		.ascii	"sizetype\000"
 526      74797065 
 526      00
 527              	.LASF17:
 528 016e 49544D5F 		.ascii	"ITM_RxBuffer\000"
 528      52784275 
 528      66666572 
 528      00
 529              	.LASF25:
 530 017b 433A5C55 		.ascii	"C:\\Users\\James\\Documents\\PSoC Creator\\GDIP\\PS"
 530      73657273 
 530      5C4A616D 
 530      65735C44 
 530      6F63756D 
 531 01a8 6F432074 		.ascii	"oC to Arduino I2C.cydsn\000"
ARM GAS  C:\Users\James\AppData\Local\Temp\cc3auRwD.s 			page 12


 531      6F204172 
 531      6475696E 
 531      6F204932 
 531      432E6379 
 532              	.LASF15:
 533 01c0 6C6F6E67 		.ascii	"long double\000"
 533      20646F75 
 533      626C6500 
 534              	.LASF9:
 535 01cc 5F5F696E 		.ascii	"__int32_t\000"
 535      7433325F 
 535      7400
 536              	.LASF12:
 537 01d6 666C6F61 		.ascii	"float\000"
 537      7400
 538              	.LASF2:
 539 01dc 73686F72 		.ascii	"short int\000"
 539      7420696E 
 539      7400
 540              	.LASF10:
 541 01e6 696E7433 		.ascii	"int32_t\000"
 541      325F7400 
 542              	.LASF19:
 543 01ee 4932435F 		.ascii	"I2C_1_MasterSendStart\000"
 543      315F4D61 
 543      73746572 
 543      53656E64 
 543      53746172 
 544              		.ident	"GCC: (GNU Tools for ARM Embedded Processors) 5.4.1 20160609 (release) [ARM/embedded-5-bran
